nohup: ignoring input
[0;93m2026-03-09 07:16:14.356596419 [W:onnxruntime:Default, device_discovery.cc:211 DiscoverDevicesForPlatform] GPU device discovery failed: device_discovery.cc:91 ReadFileContents Failed to open file: "/sys/class/drm/card0/device/vendor"[m
INFO:     Started server process [39489]
INFO:     Waiting for application startup.
ERROR:    Traceback (most recent call last):
  File "/home/ubuntu/SKN21-FINAL-5TEAM/.venv/lib/python3.12/site-packages/sqlalchemy/engine/base.py", line 143, in __init__
    self._dbapi_connection = engine.raw_connection()
                             ^^^^^^^^^^^^^^^^^^^^^^^
  File "/home/ubuntu/SKN21-FINAL-5TEAM/.venv/lib/python3.12/site-packages/sqlalchemy/engine/base.py", line 3317, in raw_connection
    return self.pool.connect()
           ^^^^^^^^^^^^^^^^^^^
  File "/home/ubuntu/SKN21-FINAL-5TEAM/.venv/lib/python3.12/site-packages/sqlalchemy/pool/base.py", line 448, in connect
    return _ConnectionFairy._checkout(self)
           ^^^^^^^^^^^^^^^^^^^^^^^^^^^^^^^^
  File "/home/ubuntu/SKN21-FINAL-5TEAM/.venv/lib/python3.12/site-packages/sqlalchemy/pool/base.py", line 1272, in _checkout
    fairy = _ConnectionRecord.checkout(pool)
            ^^^^^^^^^^^^^^^^^^^^^^^^^^^^^^^^
  File "/home/ubuntu/SKN21-FINAL-5TEAM/.venv/lib/python3.12/site-packages/sqlalchemy/pool/base.py", line 712, in checkout
    rec = pool._do_get()
          ^^^^^^^^^^^^^^
  File "/home/ubuntu/SKN21-FINAL-5TEAM/.venv/lib/python3.12/site-packages/sqlalchemy/pool/impl.py", line 177, in _do_get
    with util.safe_reraise():
  File "/home/ubuntu/SKN21-FINAL-5TEAM/.venv/lib/python3.12/site-packages/sqlalchemy/util/langhelpers.py", line 121, in __exit__
    raise exc_value.with_traceback(exc_tb)
  File "/home/ubuntu/SKN21-FINAL-5TEAM/.venv/lib/python3.12/site-packages/sqlalchemy/pool/impl.py", line 175, in _do_get
    return self._create_connection()
           ^^^^^^^^^^^^^^^^^^^^^^^^^
  File "/home/ubuntu/SKN21-FINAL-5TEAM/.venv/lib/python3.12/site-packages/sqlalchemy/pool/base.py", line 389, in _create_connection
    return _ConnectionRecord(self)
           ^^^^^^^^^^^^^^^^^^^^^^^
  File "/home/ubuntu/SKN21-FINAL-5TEAM/.venv/lib/python3.12/site-packages/sqlalchemy/pool/base.py", line 674, in __init__
    self.__connect()
  File "/home/ubuntu/SKN21-FINAL-5TEAM/.venv/lib/python3.12/site-packages/sqlalchemy/pool/base.py", line 900, in __connect
    with util.safe_reraise():
  File "/home/ubuntu/SKN21-FINAL-5TEAM/.venv/lib/python3.12/site-packages/sqlalchemy/util/langhelpers.py", line 121, in __exit__
    raise exc_value.with_traceback(exc_tb)
  File "/home/ubuntu/SKN21-FINAL-5TEAM/.venv/lib/python3.12/site-packages/sqlalchemy/pool/base.py", line 896, in __connect
    self.dbapi_connection = connection = pool._invoke_creator(self)
                                         ^^^^^^^^^^^^^^^^^^^^^^^^^^
  File "/home/ubuntu/SKN21-FINAL-5TEAM/.venv/lib/python3.12/site-packages/sqlalchemy/engine/create.py", line 667, in connect
    return dialect.connect(*cargs_tup, **cparams)
           ^^^^^^^^^^^^^^^^^^^^^^^^^^^^^^^^^^^^^^
  File "/home/ubuntu/SKN21-FINAL-5TEAM/.venv/lib/python3.12/site-packages/sqlalchemy/engine/default.py", line 630, in connect
    return self.loaded_dbapi.connect(*cargs, **cparams)  # type: ignore[no-any-return]  # NOQA: E501
           ^^^^^^^^^^^^^^^^^^^^^^^^^^^^^^^^^^^^^^^^^^^^
  File "/home/ubuntu/SKN21-FINAL-5TEAM/.venv/lib/python3.12/site-packages/pymysql/connections.py", line 365, in __init__
    self.connect()
  File "/home/ubuntu/SKN21-FINAL-5TEAM/.venv/lib/python3.12/site-packages/pymysql/connections.py", line 681, in connect
    self._request_authentication()
  File "/home/ubuntu/SKN21-FINAL-5TEAM/.venv/lib/python3.12/site-packages/pymysql/connections.py", line 972, in _request_authentication
    auth_packet = self._process_auth(plugin_name, auth_packet)
                  ^^^^^^^^^^^^^^^^^^^^^^^^^^^^^^^^^^^^^^^^^^^^
  File "/home/ubuntu/SKN21-FINAL-5TEAM/.venv/lib/python3.12/site-packages/pymysql/connections.py", line 1006, in _process_auth
    return _auth.sha256_password_auth(self, auth_packet)
           ^^^^^^^^^^^^^^^^^^^^^^^^^^^^^^^^^^^^^^^^^^^^^
  File "/home/ubuntu/SKN21-FINAL-5TEAM/.venv/lib/python3.12/site-packages/pymysql/_auth.py", line 190, in sha256_password_auth
    return _roundtrip(conn, data)
           ^^^^^^^^^^^^^^^^^^^^^^
  File "/home/ubuntu/SKN21-FINAL-5TEAM/.venv/lib/python3.12/site-packages/pymysql/_auth.py", line 121, in _roundtrip
    pkt = conn._read_packet()
          ^^^^^^^^^^^^^^^^^^^
  File "/home/ubuntu/SKN21-FINAL-5TEAM/.venv/lib/python3.12/site-packages/pymysql/connections.py", line 782, in _read_packet
    packet.raise_for_error()
  File "/home/ubuntu/SKN21-FINAL-5TEAM/.venv/lib/python3.12/site-packages/pymysql/protocol.py", line 219, in raise_for_error
    err.raise_mysql_exception(self._data)
  File "/home/ubuntu/SKN21-FINAL-5TEAM/.venv/lib/python3.12/site-packages/pymysql/err.py", line 150, in raise_mysql_exception
    raise errorclass(errno, errval)
pymysql.err.OperationalError: (1045, "Access denied for user 'whskadnd25'@'172.18.0.1' (using password: YES)")

The above exception was the direct cause of the following exception:

Traceback (most recent call last):
  File "/home/ubuntu/SKN21-FINAL-5TEAM/.venv/lib/python3.12/site-packages/starlette/routing.py", line 694, in lifespan
    async with self.lifespan_context(app) as maybe_state:
  File "/usr/lib/python3.12/contextlib.py", line 210, in __aenter__
    return await anext(self.gen)
           ^^^^^^^^^^^^^^^^^^^^^
  File "/home/ubuntu/SKN21-FINAL-5TEAM/.venv/lib/python3.12/site-packages/fastapi/routing.py", line 153, in merged_lifespan
    async with original_context(app) as maybe_original_state:
  File "/usr/lib/python3.12/contextlib.py", line 210, in __aenter__
    return await anext(self.gen)
           ^^^^^^^^^^^^^^^^^^^^^
  File "/home/ubuntu/SKN21-FINAL-5TEAM/.venv/lib/python3.12/site-packages/fastapi/routing.py", line 153, in merged_lifespan
    async with original_context(app) as maybe_original_state:
  File "/usr/lib/python3.12/contextlib.py", line 210, in __aenter__
    return await anext(self.gen)
           ^^^^^^^^^^^^^^^^^^^^^
  File "/home/ubuntu/SKN21-FINAL-5TEAM/.venv/lib/python3.12/site-packages/fastapi/routing.py", line 153, in merged_lifespan
    async with original_context(app) as maybe_original_state:
  File "/usr/lib/python3.12/contextlib.py", line 210, in __aenter__
    return await anext(self.gen)
           ^^^^^^^^^^^^^^^^^^^^^
  File "/home/ubuntu/SKN21-FINAL-5TEAM/.venv/lib/python3.12/site-packages/fastapi/routing.py", line 153, in merged_lifespan
    async with original_context(app) as maybe_original_state:
  File "/usr/lib/python3.12/contextlib.py", line 210, in __aenter__
    return await anext(self.gen)
           ^^^^^^^^^^^^^^^^^^^^^
  File "/home/ubuntu/SKN21-FINAL-5TEAM/.venv/lib/python3.12/site-packages/fastapi/routing.py", line 153, in merged_lifespan
    async with original_context(app) as maybe_original_state:
  File "/usr/lib/python3.12/contextlib.py", line 210, in __aenter__
    return await anext(self.gen)
           ^^^^^^^^^^^^^^^^^^^^^
  File "/home/ubuntu/SKN21-FINAL-5TEAM/.venv/lib/python3.12/site-packages/fastapi/routing.py", line 153, in merged_lifespan
    async with original_context(app) as maybe_original_state:
  File "/usr/lib/python3.12/contextlib.py", line 210, in __aenter__
    return await anext(self.gen)
           ^^^^^^^^^^^^^^^^^^^^^
  File "/home/ubuntu/SKN21-FINAL-5TEAM/.venv/lib/python3.12/site-packages/fastapi/routing.py", line 153, in merged_lifespan
    async with original_context(app) as maybe_original_state:
  File "/usr/lib/python3.12/contextlib.py", line 210, in __aenter__
    return await anext(self.gen)
           ^^^^^^^^^^^^^^^^^^^^^
  File "/home/ubuntu/SKN21-FINAL-5TEAM/.venv/lib/python3.12/site-packages/fastapi/routing.py", line 153, in merged_lifespan
    async with original_context(app) as maybe_original_state:
  File "/usr/lib/python3.12/contextlib.py", line 210, in __aenter__
    return await anext(self.gen)
           ^^^^^^^^^^^^^^^^^^^^^
  File "/home/ubuntu/SKN21-FINAL-5TEAM/.venv/lib/python3.12/site-packages/fastapi/routing.py", line 153, in merged_lifespan
    async with original_context(app) as maybe_original_state:
  File "/usr/lib/python3.12/contextlib.py", line 210, in __aenter__
    return await anext(self.gen)
           ^^^^^^^^^^^^^^^^^^^^^
  File "/home/ubuntu/SKN21-FINAL-5TEAM/.venv/lib/python3.12/site-packages/fastapi/routing.py", line 153, in merged_lifespan
    async with original_context(app) as maybe_original_state:
  File "/usr/lib/python3.12/contextlib.py", line 210, in __aenter__
    return await anext(self.gen)
           ^^^^^^^^^^^^^^^^^^^^^
  File "/home/ubuntu/SKN21-FINAL-5TEAM/.venv/lib/python3.12/site-packages/fastapi/routing.py", line 153, in merged_lifespan
    async with original_context(app) as maybe_original_state:
  File "/usr/lib/python3.12/contextlib.py", line 210, in __aenter__
    return await anext(self.gen)
           ^^^^^^^^^^^^^^^^^^^^^
  File "/home/ubuntu/SKN21-FINAL-5TEAM/ecommerce/platform/backend/app/main.py", line 159, in lifespan
    Base.metadata.create_all(bind=engine)  # 테이블이 없다면 생성
    ^^^^^^^^^^^^^^^^^^^^^^^^^^^^^^^^^^^^^
  File "/home/ubuntu/SKN21-FINAL-5TEAM/.venv/lib/python3.12/site-packages/sqlalchemy/sql/schema.py", line 5928, in create_all
    bind._run_ddl_visitor(
  File "/home/ubuntu/SKN21-FINAL-5TEAM/.venv/lib/python3.12/site-packages/sqlalchemy/engine/base.py", line 3267, in _run_ddl_visitor
    with self.begin() as conn:
  File "/usr/lib/python3.12/contextlib.py", line 137, in __enter__
    return next(self.gen)
           ^^^^^^^^^^^^^^
  File "/home/ubuntu/SKN21-FINAL-5TEAM/.venv/lib/python3.12/site-packages/sqlalchemy/engine/base.py", line 3257, in begin
    with self.connect() as conn:
         ^^^^^^^^^^^^^^
  File "/home/ubuntu/SKN21-FINAL-5TEAM/.venv/lib/python3.12/site-packages/sqlalchemy/engine/base.py", line 3293, in connect
    return self._connection_cls(self)
           ^^^^^^^^^^^^^^^^^^^^^^^^^^
  File "/home/ubuntu/SKN21-FINAL-5TEAM/.venv/lib/python3.12/site-packages/sqlalchemy/engine/base.py", line 145, in __init__
    Connection._handle_dbapi_exception_noconnection(
  File "/home/ubuntu/SKN21-FINAL-5TEAM/.venv/lib/python3.12/site-packages/sqlalchemy/engine/base.py", line 2448, in _handle_dbapi_exception_noconnection
    raise sqlalchemy_exception.with_traceback(exc_info[2]) from e
  File "/home/ubuntu/SKN21-FINAL-5TEAM/.venv/lib/python3.12/site-packages/sqlalchemy/engine/base.py", line 143, in __init__
    self._dbapi_connection = engine.raw_connection()
                             ^^^^^^^^^^^^^^^^^^^^^^^
  File "/home/ubuntu/SKN21-FINAL-5TEAM/.venv/lib/python3.12/site-packages/sqlalchemy/engine/base.py", line 3317, in raw_connection
    return self.pool.connect()
           ^^^^^^^^^^^^^^^^^^^
  File "/home/ubuntu/SKN21-FINAL-5TEAM/.venv/lib/python3.12/site-packages/sqlalchemy/pool/base.py", line 448, in connect
    return _ConnectionFairy._checkout(self)
           ^^^^^^^^^^^^^^^^^^^^^^^^^^^^^^^^
  File "/home/ubuntu/SKN21-FINAL-5TEAM/.venv/lib/python3.12/site-packages/sqlalchemy/pool/base.py", line 1272, in _checkout
    fairy = _ConnectionRecord.checkout(pool)
            ^^^^^^^^^^^^^^^^^^^^^^^^^^^^^^^^
  File "/home/ubuntu/SKN21-FINAL-5TEAM/.venv/lib/python3.12/site-packages/sqlalchemy/pool/base.py", line 712, in checkout
    rec = pool._do_get()
          ^^^^^^^^^^^^^^
  File "/home/ubuntu/SKN21-FINAL-5TEAM/.venv/lib/python3.12/site-packages/sqlalchemy/pool/impl.py", line 177, in _do_get
    with util.safe_reraise():
  File "/home/ubuntu/SKN21-FINAL-5TEAM/.venv/lib/python3.12/site-packages/sqlalchemy/util/langhelpers.py", line 121, in __exit__
    raise exc_value.with_traceback(exc_tb)
  File "/home/ubuntu/SKN21-FINAL-5TEAM/.venv/lib/python3.12/site-packages/sqlalchemy/pool/impl.py", line 175, in _do_get
    return self._create_connection()
           ^^^^^^^^^^^^^^^^^^^^^^^^^
  File "/home/ubuntu/SKN21-FINAL-5TEAM/.venv/lib/python3.12/site-packages/sqlalchemy/pool/base.py", line 389, in _create_connection
    return _ConnectionRecord(self)
           ^^^^^^^^^^^^^^^^^^^^^^^
  File "/home/ubuntu/SKN21-FINAL-5TEAM/.venv/lib/python3.12/site-packages/sqlalchemy/pool/base.py", line 674, in __init__
    self.__connect()
  File "/home/ubuntu/SKN21-FINAL-5TEAM/.venv/lib/python3.12/site-packages/sqlalchemy/pool/base.py", line 900, in __connect
    with util.safe_reraise():
  File "/home/ubuntu/SKN21-FINAL-5TEAM/.venv/lib/python3.12/site-packages/sqlalchemy/util/langhelpers.py", line 121, in __exit__
    raise exc_value.with_traceback(exc_tb)
  File "/home/ubuntu/SKN21-FINAL-5TEAM/.venv/lib/python3.12/site-packages/sqlalchemy/pool/base.py", line 896, in __connect
    self.dbapi_connection = connection = pool._invoke_creator(self)
                                         ^^^^^^^^^^^^^^^^^^^^^^^^^^
  File "/home/ubuntu/SKN21-FINAL-5TEAM/.venv/lib/python3.12/site-packages/sqlalchemy/engine/create.py", line 667, in connect
    return dialect.connect(*cargs_tup, **cparams)
           ^^^^^^^^^^^^^^^^^^^^^^^^^^^^^^^^^^^^^^
  File "/home/ubuntu/SKN21-FINAL-5TEAM/.venv/lib/python3.12/site-packages/sqlalchemy/engine/default.py", line 630, in connect
    return self.loaded_dbapi.connect(*cargs, **cparams)  # type: ignore[no-any-return]  # NOQA: E501
           ^^^^^^^^^^^^^^^^^^^^^^^^^^^^^^^^^^^^^^^^^^^^
  File "/home/ubuntu/SKN21-FINAL-5TEAM/.venv/lib/python3.12/site-packages/pymysql/connections.py", line 365, in __init__
    self.connect()
  File "/home/ubuntu/SKN21-FINAL-5TEAM/.venv/lib/python3.12/site-packages/pymysql/connections.py", line 681, in connect
    self._request_authentication()
  File "/home/ubuntu/SKN21-FINAL-5TEAM/.venv/lib/python3.12/site-packages/pymysql/connections.py", line 972, in _request_authentication
    auth_packet = self._process_auth(plugin_name, auth_packet)
                  ^^^^^^^^^^^^^^^^^^^^^^^^^^^^^^^^^^^^^^^^^^^^
  File "/home/ubuntu/SKN21-FINAL-5TEAM/.venv/lib/python3.12/site-packages/pymysql/connections.py", line 1006, in _process_auth
    return _auth.sha256_password_auth(self, auth_packet)
           ^^^^^^^^^^^^^^^^^^^^^^^^^^^^^^^^^^^^^^^^^^^^^
  File "/home/ubuntu/SKN21-FINAL-5TEAM/.venv/lib/python3.12/site-packages/pymysql/_auth.py", line 190, in sha256_password_auth
    return _roundtrip(conn, data)
           ^^^^^^^^^^^^^^^^^^^^^^
  File "/home/ubuntu/SKN21-FINAL-5TEAM/.venv/lib/python3.12/site-packages/pymysql/_auth.py", line 121, in _roundtrip
    pkt = conn._read_packet()
          ^^^^^^^^^^^^^^^^^^^
  File "/home/ubuntu/SKN21-FINAL-5TEAM/.venv/lib/python3.12/site-packages/pymysql/connections.py", line 782, in _read_packet
    packet.raise_for_error()
  File "/home/ubuntu/SKN21-FINAL-5TEAM/.venv/lib/python3.12/site-packages/pymysql/protocol.py", line 219, in raise_for_error
    err.raise_mysql_exception(self._data)
  File "/home/ubuntu/SKN21-FINAL-5TEAM/.venv/lib/python3.12/site-packages/pymysql/err.py", line 150, in raise_mysql_exception
    raise errorclass(errno, errval)
sqlalchemy.exc.OperationalError: (pymysql.err.OperationalError) (1045, "Access denied for user 'whskadnd25'@'172.18.0.1' (using password: YES)")
(Background on this error at: https://sqlalche.me/e/20/e3q8)

ERROR:    Application startup failed. Exiting.
⚠️  Database creation check failed: (pymysql.err.OperationalError) (1045, "Access denied for user 'whskadnd25'@'172.18.0.1' (using password: YES)")
(Background on this error at: https://sqlalche.me/e/20/e3q8)
